Aug 02, 2020 11:06:51 PM comunicationOutput.OutPut write
INFO: initiator sent a message 'hello' to player2
Aug 02, 2020 11:06:51 PM comunicationOutput.OutPut write
INFO: initiator received a (counter: 1) message 'hello' from player2
Aug 02, 2020 11:06:51 PM comunicationOutput.OutPut write
INFO: initiator sent a message 'how are you' to player2
Aug 02, 2020 11:06:51 PM comunicationOutput.OutPut write
INFO: initiator received a (counter: 2) message 'how are you' from player2
Aug 02, 2020 11:06:51 PM comunicationOutput.OutPut write
INFO: initiator sent a message 'I am ok' to player2
Aug 02, 2020 11:06:51 PM comunicationOutput.OutPut write
INFO: initiator received a (counter: 3) message 'I am ok' from player2
Aug 02, 2020 11:06:51 PM comunicationOutput.OutPut write
INFO: initiator sent a message 'this is a test' to player2
Aug 02, 2020 11:06:51 PM comunicationOutput.OutPut write
INFO: initiator received a (counter: 4) message 'this is a test' from player2
Aug 02, 2020 11:06:51 PM comunicationOutput.OutPut write
INFO: initiator sent a message 'I am in Dortmond ' to player2
Aug 02, 2020 11:06:51 PM comunicationOutput.OutPut write
INFO: initiator received a (counter: 5) message 'I am in Dortmond ' from player2
Aug 02, 2020 11:06:51 PM comunicationOutput.OutPut write
INFO: initiator sent a message 'I looking for a job' to player2
Aug 02, 2020 11:06:51 PM comunicationOutput.OutPut write
INFO: initiator received a (counter: 6) message 'I looking for a job' from player2
Aug 02, 2020 11:06:51 PM comunicationOutput.OutPut write
INFO: initiator sent a message 'I am java developer' to player2
Aug 02, 2020 11:06:51 PM comunicationOutput.OutPut write
INFO: initiator received a (counter: 7) message 'I am java developer' from player2
Aug 02, 2020 11:06:51 PM comunicationOutput.OutPut write
INFO: initiator sent a message 'I want to learn as beginner' to player2
Aug 02, 2020 11:06:51 PM comunicationOutput.OutPut write
INFO: initiator received a (counter: 8) message 'I want to learn as beginner' from player2
Aug 02, 2020 11:06:51 PM comunicationOutput.OutPut write
INFO: initiator sent a message 'I want to work in technical company' to player2
Aug 02, 2020 11:06:51 PM comunicationOutput.OutPut write
INFO: initiator received a (counter: 9) message 'I want to work in technical company' from player2
Aug 02, 2020 11:06:51 PM comunicationOutput.OutPut write
INFO: initiator sent a message 'bye ' to player2
Aug 02, 2020 11:06:51 PM comunicationOutput.OutPut write
INFO: initiator received a (counter: 10) message 'bye ' from player2
Aug 02, 2020 11:06:51 PM comunicationOutput.OutPut write
INFO: initiator sent a message 'this is test message' to player2
Aug 02, 2020 11:06:51 PM comunicationOutput.OutPut write
INFO: initiator received a (counter: 1) message 'this is test message' from player2
Aug 02, 2020 11:06:51 PM comunicationOutput.OutPut write
INFO: initiator sent a message 'hello' to player2
Aug 02, 2020 11:06:51 PM comunicationOutput.OutPut write
INFO: initiator received a (counter: 1) message 'hello' from player2
Aug 02, 2020 11:07:53 PM comunicationOutput.OutPut write
INFO: initiator sent a message 'hello' to player2
Aug 02, 2020 11:07:53 PM comunicationOutput.OutPut write
INFO: initiator received a (counter: 1) message 'hello' from player2
Aug 02, 2020 11:07:53 PM comunicationOutput.OutPut write
INFO: initiator sent a message 'how are you' to player2
Aug 02, 2020 11:07:53 PM comunicationOutput.OutPut write
INFO: initiator received a (counter: 2) message 'how are you' from player2
Aug 02, 2020 11:07:53 PM comunicationOutput.OutPut write
INFO: initiator sent a message 'I am ok' to player2
Aug 02, 2020 11:07:53 PM comunicationOutput.OutPut write
INFO: initiator received a (counter: 3) message 'I am ok' from player2
Aug 02, 2020 11:07:53 PM comunicationOutput.OutPut write
INFO: initiator sent a message 'this is a test' to player2
Aug 02, 2020 11:07:53 PM comunicationOutput.OutPut write
INFO: initiator received a (counter: 4) message 'this is a test' from player2
Aug 02, 2020 11:07:53 PM comunicationOutput.OutPut write
INFO: initiator sent a message 'I am in Dortmond ' to player2
Aug 02, 2020 11:07:53 PM comunicationOutput.OutPut write
INFO: initiator received a (counter: 5) message 'I am in Dortmond ' from player2
Aug 02, 2020 11:07:53 PM comunicationOutput.OutPut write
INFO: initiator sent a message 'I looking for a job' to player2
Aug 02, 2020 11:07:53 PM comunicationOutput.OutPut write
INFO: initiator received a (counter: 6) message 'I looking for a job' from player2
Aug 02, 2020 11:07:53 PM comunicationOutput.OutPut write
INFO: initiator sent a message 'I am java developer' to player2
Aug 02, 2020 11:07:53 PM comunicationOutput.OutPut write
INFO: initiator received a (counter: 7) message 'I am java developer' from player2
Aug 02, 2020 11:07:53 PM comunicationOutput.OutPut write
INFO: initiator sent a message 'I want to learn as beginner' to player2
Aug 02, 2020 11:07:53 PM comunicationOutput.OutPut write
INFO: initiator received a (counter: 8) message 'I want to learn as beginner' from player2
Aug 02, 2020 11:07:53 PM comunicationOutput.OutPut write
INFO: initiator sent a message 'I want to work in technical company' to player2
Aug 02, 2020 11:07:53 PM comunicationOutput.OutPut write
INFO: initiator received a (counter: 9) message 'I want to work in technical company' from player2
Aug 02, 2020 11:07:53 PM comunicationOutput.OutPut write
INFO: initiator sent a message 'bye ' to player2
Aug 02, 2020 11:07:53 PM comunicationOutput.OutPut write
INFO: initiator received a (counter: 10) message 'bye ' from player2
Aug 02, 2020 11:09:24 PM comunicationOutput.OutPut write
INFO: initiator sent a message 'hello' to player2
Aug 02, 2020 11:09:24 PM comunicationOutput.OutPut write
INFO: initiator received a (counter: 1) message 'hello' from player2
Aug 02, 2020 11:09:24 PM comunicationOutput.OutPut write
INFO: initiator sent a message 'how are you' to player2
Aug 02, 2020 11:09:24 PM comunicationOutput.OutPut write
INFO: initiator received a (counter: 2) message 'how are you' from player2
Aug 02, 2020 11:09:24 PM comunicationOutput.OutPut write
INFO: initiator sent a message 'I am ok' to player2
Aug 02, 2020 11:09:24 PM comunicationOutput.OutPut write
INFO: initiator received a (counter: 3) message 'I am ok' from player2
Aug 02, 2020 11:09:24 PM comunicationOutput.OutPut write
INFO: initiator sent a message 'this is a test' to player2
Aug 02, 2020 11:09:24 PM comunicationOutput.OutPut write
INFO: initiator received a (counter: 4) message 'this is a test' from player2
Aug 02, 2020 11:09:24 PM comunicationOutput.OutPut write
INFO: initiator sent a message 'I am in Dortmond ' to player2
Aug 02, 2020 11:09:24 PM comunicationOutput.OutPut write
INFO: initiator received a (counter: 5) message 'I am in Dortmond ' from player2
Aug 02, 2020 11:09:24 PM comunicationOutput.OutPut write
INFO: initiator sent a message 'I looking for a job' to player2
Aug 02, 2020 11:09:24 PM comunicationOutput.OutPut write
INFO: initiator received a (counter: 6) message 'I looking for a job' from player2
Aug 02, 2020 11:09:24 PM comunicationOutput.OutPut write
INFO: initiator sent a message 'I am java developer' to player2
Aug 02, 2020 11:09:24 PM comunicationOutput.OutPut write
INFO: initiator received a (counter: 7) message 'I am java developer' from player2
Aug 02, 2020 11:09:24 PM comunicationOutput.OutPut write
INFO: initiator sent a message 'I want to learn as beginner' to player2
Aug 02, 2020 11:09:24 PM comunicationOutput.OutPut write
INFO: initiator received a (counter: 8) message 'I want to learn as beginner' from player2
Aug 02, 2020 11:09:24 PM comunicationOutput.OutPut write
INFO: initiator sent a message 'I want to work in technical company' to player2
Aug 02, 2020 11:09:24 PM comunicationOutput.OutPut write
INFO: initiator received a (counter: 9) message 'I want to work in technical company' from player2
Aug 02, 2020 11:09:24 PM comunicationOutput.OutPut write
INFO: initiator sent a message 'bye ' to player2
Aug 02, 2020 11:09:24 PM comunicationOutput.OutPut write
INFO: initiator received a (counter: 10) message 'bye ' from player2
Aug 02, 2020 11:09:24 PM comunicationOutput.OutPut write
INFO: initiator sent a message 'this is test message' to player2
Aug 02, 2020 11:09:24 PM comunicationOutput.OutPut write
INFO: initiator received a (counter: 1) message 'this is test message' from player2
Aug 02, 2020 11:09:24 PM comunicationOutput.OutPut write
INFO: initiator sent a message 'hello' to player2
Aug 02, 2020 11:09:24 PM comunicationOutput.OutPut write
INFO: initiator received a (counter: 1) message 'hello' from player2
Aug 02, 2020 11:43:56 PM comunicationOutput.OutPut write
INFO: initiator sent a message 'hello' to player2
Aug 02, 2020 11:43:56 PM comunicationOutput.OutPut write
INFO: initiator received a (counter: 1) message 'hello' from player2
Aug 02, 2020 11:43:56 PM comunicationOutput.OutPut write
INFO: initiator sent a message 'how are you' to player2
Aug 02, 2020 11:43:56 PM comunicationOutput.OutPut write
INFO: initiator received a (counter: 2) message 'how are you' from player2
Aug 02, 2020 11:43:56 PM comunicationOutput.OutPut write
INFO: initiator sent a message 'I am java developer ' to player2
Aug 02, 2020 11:43:56 PM comunicationOutput.OutPut write
INFO: initiator received a (counter: 3) message 'I am java developer ' from player2
Aug 02, 2020 11:43:56 PM comunicationOutput.OutPut write
INFO: initiator sent a message 'I am in Dortmund right now' to player2
Aug 02, 2020 11:43:56 PM comunicationOutput.OutPut write
INFO: initiator received a (counter: 4) message 'I am in Dortmund right now' from player2
Aug 02, 2020 11:43:56 PM comunicationOutput.OutPut write
INFO: initiator sent a message 'I am looking for a job in Germany ' to player2
Aug 02, 2020 11:43:56 PM comunicationOutput.OutPut write
INFO: initiator received a (counter: 5) message 'I am looking for a job in Germany ' from player2
Aug 02, 2020 11:43:56 PM comunicationOutput.OutPut write
INFO: initiator sent a message 'I like to learn new thing' to player2
Aug 02, 2020 11:43:56 PM comunicationOutput.OutPut write
INFO: initiator received a (counter: 6) message 'I like to learn new thing' from player2
Aug 02, 2020 11:43:56 PM comunicationOutput.OutPut write
INFO: initiator sent a message 'this is my test for 360T co' to player2
Aug 02, 2020 11:43:56 PM comunicationOutput.OutPut write
INFO: initiator received a (counter: 7) message 'this is my test for 360T co' from player2
Aug 02, 2020 11:43:56 PM comunicationOutput.OutPut write
INFO: initiator sent a message 'It is no matter if I start as beginner' to player2
Aug 02, 2020 11:43:56 PM comunicationOutput.OutPut write
INFO: initiator received a (counter: 8) message 'It is no matter if I start as beginner' from player2
Aug 02, 2020 11:43:56 PM comunicationOutput.OutPut write
INFO: initiator sent a message 'I have a job seeker visa' to player2
Aug 02, 2020 11:43:56 PM comunicationOutput.OutPut write
INFO: initiator received a (counter: 9) message 'I have a job seeker visa' from player2
Aug 02, 2020 11:43:56 PM comunicationOutput.OutPut write
INFO: initiator sent a message 'bye ' to player2
Aug 02, 2020 11:43:56 PM comunicationOutput.OutPut write
INFO: initiator received a (counter: 10) message 'bye ' from player2
Aug 02, 2020 11:43:56 PM comunicationOutput.OutPut write
INFO: initiator sent a message 'this is end of file' to player2
Aug 02, 2020 11:45:05 PM comunicationOutput.OutPut write
INFO: initiator sent a message 'hello' to player2
Aug 02, 2020 11:45:05 PM comunicationOutput.OutPut write
INFO: initiator received a (counter: 1) message 'hello' from player2
Aug 02, 2020 11:45:05 PM comunicationOutput.OutPut write
INFO: initiator sent a message 'how are you' to player2
Aug 02, 2020 11:45:05 PM comunicationOutput.OutPut write
INFO: initiator received a (counter: 2) message 'how are you' from player2
Aug 02, 2020 11:45:05 PM comunicationOutput.OutPut write
INFO: initiator sent a message 'I am java developer ' to player2
Aug 02, 2020 11:45:05 PM comunicationOutput.OutPut write
INFO: initiator received a (counter: 3) message 'I am java developer ' from player2
Aug 02, 2020 11:45:05 PM comunicationOutput.OutPut write
INFO: initiator sent a message 'I am in Dortmund right now' to player2
Aug 02, 2020 11:45:05 PM comunicationOutput.OutPut write
INFO: initiator received a (counter: 4) message 'I am in Dortmund right now' from player2
Aug 02, 2020 11:45:05 PM comunicationOutput.OutPut write
INFO: initiator sent a message 'I am looking for a job in Germany ' to player2
Aug 02, 2020 11:45:05 PM comunicationOutput.OutPut write
INFO: initiator received a (counter: 5) message 'I am looking for a job in Germany ' from player2
Aug 02, 2020 11:45:05 PM comunicationOutput.OutPut write
INFO: initiator sent a message 'I like to learn new thing' to player2
Aug 02, 2020 11:45:05 PM comunicationOutput.OutPut write
INFO: initiator received a (counter: 6) message 'I like to learn new thing' from player2
Aug 02, 2020 11:45:05 PM comunicationOutput.OutPut write
INFO: initiator sent a message 'this is my test for 360T co' to player2
Aug 02, 2020 11:45:05 PM comunicationOutput.OutPut write
INFO: initiator received a (counter: 7) message 'this is my test for 360T co' from player2
Aug 02, 2020 11:45:05 PM comunicationOutput.OutPut write
INFO: initiator sent a message 'It is no matter if I start as beginner' to player2
Aug 02, 2020 11:45:05 PM comunicationOutput.OutPut write
INFO: initiator received a (counter: 8) message 'It is no matter if I start as beginner' from player2
Aug 02, 2020 11:45:05 PM comunicationOutput.OutPut write
INFO: initiator sent a message 'I have a job seeker visa' to player2
Aug 02, 2020 11:45:05 PM comunicationOutput.OutPut write
INFO: initiator received a (counter: 9) message 'I have a job seeker visa' from player2
Aug 02, 2020 11:45:05 PM comunicationOutput.OutPut write
INFO: initiator sent a message 'bye ' to player2
Aug 02, 2020 11:45:05 PM comunicationOutput.OutPut write
INFO: initiator received a (counter: 10) message 'bye ' from player2
Aug 02, 2020 11:45:05 PM comunicationOutput.OutPut write
INFO: initiator sent a message 'this is end of file' to player2
Aug 02, 2020 11:47:43 PM comunicationOutput.OutPut write
INFO: initiator sent a message 'hello' to player2
Aug 02, 2020 11:47:43 PM comunicationOutput.OutPut write
INFO: initiator received a (counter: 1) message 'hello' from player2
Aug 02, 2020 11:47:43 PM comunicationOutput.OutPut write
INFO: initiator sent a message 'how are you' to player2
Aug 02, 2020 11:47:43 PM comunicationOutput.OutPut write
INFO: initiator received a (counter: 2) message 'how are you' from player2
Aug 02, 2020 11:47:43 PM comunicationOutput.OutPut write
INFO: initiator sent a message 'I am java developer ' to player2
Aug 02, 2020 11:47:43 PM comunicationOutput.OutPut write
INFO: initiator received a (counter: 3) message 'I am java developer ' from player2
Aug 02, 2020 11:47:43 PM comunicationOutput.OutPut write
INFO: initiator sent a message 'I am in Dortmund right now' to player2
Aug 02, 2020 11:47:43 PM comunicationOutput.OutPut write
INFO: initiator received a (counter: 4) message 'I am in Dortmund right now' from player2
Aug 02, 2020 11:47:43 PM comunicationOutput.OutPut write
INFO: initiator sent a message 'I am looking for a job in Germany ' to player2
Aug 02, 2020 11:47:43 PM comunicationOutput.OutPut write
INFO: initiator received a (counter: 5) message 'I am looking for a job in Germany ' from player2
Aug 02, 2020 11:47:43 PM comunicationOutput.OutPut write
INFO: initiator sent a message 'I like to learn new thing' to player2
Aug 02, 2020 11:47:43 PM comunicationOutput.OutPut write
INFO: initiator received a (counter: 6) message 'I like to learn new thing' from player2
Aug 02, 2020 11:47:43 PM comunicationOutput.OutPut write
INFO: initiator sent a message 'this is my test for 360T co' to player2
Aug 02, 2020 11:47:43 PM comunicationOutput.OutPut write
INFO: initiator received a (counter: 7) message 'this is my test for 360T co' from player2
Aug 02, 2020 11:47:43 PM comunicationOutput.OutPut write
INFO: initiator sent a message 'It is no matter if I start as beginner' to player2
Aug 02, 2020 11:47:43 PM comunicationOutput.OutPut write
INFO: initiator received a (counter: 8) message 'It is no matter if I start as beginner' from player2
Aug 02, 2020 11:47:43 PM comunicationOutput.OutPut write
INFO: initiator sent a message 'I have a job seeker visa' to player2
Aug 02, 2020 11:47:43 PM comunicationOutput.OutPut write
INFO: initiator received a (counter: 9) message 'I have a job seeker visa' from player2
Aug 02, 2020 11:47:43 PM comunicationOutput.OutPut write
INFO: initiator sent a message 'bye ' to player2
Aug 02, 2020 11:47:43 PM comunicationOutput.OutPut write
INFO: initiator received a (counter: 10) message 'bye ' from player2
Aug 02, 2020 11:47:43 PM comunicationOutput.OutPut write
INFO: initiator sent a message 'this is end of file' to player2
Aug 02, 2020 11:52:06 PM comunicationOutput.OutPut write
INFO: initiator sent a message 'hello' to player2
Aug 02, 2020 11:52:06 PM comunicationOutput.OutPut write
INFO: initiator received a (counter: 1) message 'hello' from player2
Aug 02, 2020 11:52:06 PM comunicationOutput.OutPut write
INFO: initiator sent a message 'how are you' to player2
Aug 02, 2020 11:52:06 PM comunicationOutput.OutPut write
INFO: initiator received a (counter: 2) message 'how are you' from player2
Aug 02, 2020 11:52:06 PM comunicationOutput.OutPut write
INFO: initiator sent a message 'I am java developer ' to player2
Aug 02, 2020 11:52:06 PM comunicationOutput.OutPut write
INFO: initiator received a (counter: 3) message 'I am java developer ' from player2
Aug 02, 2020 11:52:06 PM comunicationOutput.OutPut write
INFO: initiator sent a message 'I am in Dortmund right now' to player2
Aug 02, 2020 11:52:06 PM comunicationOutput.OutPut write
INFO: initiator received a (counter: 4) message 'I am in Dortmund right now' from player2
Aug 02, 2020 11:52:06 PM comunicationOutput.OutPut write
INFO: initiator sent a message 'I am looking for a job in Germany ' to player2
Aug 02, 2020 11:52:06 PM comunicationOutput.OutPut write
INFO: initiator received a (counter: 5) message 'I am looking for a job in Germany ' from player2
Aug 02, 2020 11:52:06 PM comunicationOutput.OutPut write
INFO: initiator sent a message 'I like to learn new thing' to player2
Aug 02, 2020 11:52:06 PM comunicationOutput.OutPut write
INFO: initiator received a (counter: 6) message 'I like to learn new thing' from player2
Aug 02, 2020 11:52:06 PM comunicationOutput.OutPut write
INFO: initiator sent a message 'this is my test for 360T co' to player2
Aug 02, 2020 11:52:06 PM comunicationOutput.OutPut write
INFO: initiator received a (counter: 7) message 'this is my test for 360T co' from player2
Aug 02, 2020 11:52:06 PM comunicationOutput.OutPut write
INFO: initiator sent a message 'It is no matter if I start as beginner' to player2
Aug 02, 2020 11:52:06 PM comunicationOutput.OutPut write
INFO: initiator received a (counter: 8) message 'It is no matter if I start as beginner' from player2
Aug 02, 2020 11:52:06 PM comunicationOutput.OutPut write
INFO: initiator sent a message 'I have a job seeker visa' to player2
Aug 02, 2020 11:52:06 PM comunicationOutput.OutPut write
INFO: initiator received a (counter: 9) message 'I have a job seeker visa' from player2
Aug 02, 2020 11:52:06 PM comunicationOutput.OutPut write
INFO: initiator sent a message 'bye ' to player2
Aug 02, 2020 11:52:06 PM comunicationOutput.OutPut write
INFO: initiator received a (counter: 10) message 'bye ' from player2
Aug 02, 2020 11:52:06 PM comunicationOutput.OutPut write
INFO: initiator sent a message 'this is end of file' to player2
Aug 02, 2020 11:52:06 PM comunicationOutput.OutPut write
INFO: initiator received a (counter: 11) message 'this is end of file' from player2
Aug 02, 2020 11:52:37 PM comunicationOutput.OutPut write
INFO: initiator sent a message 'hello' to player2
Aug 02, 2020 11:52:37 PM comunicationOutput.OutPut write
INFO: initiator received a (counter: 1) message 'hello' from player2
Aug 02, 2020 11:52:37 PM comunicationOutput.OutPut write
INFO: initiator sent a message 'how are you' to player2
Aug 02, 2020 11:52:37 PM comunicationOutput.OutPut write
INFO: initiator received a (counter: 2) message 'how are you' from player2
Aug 02, 2020 11:52:37 PM comunicationOutput.OutPut write
INFO: initiator sent a message 'I am java developer ' to player2
Aug 02, 2020 11:52:37 PM comunicationOutput.OutPut write
INFO: initiator received a (counter: 3) message 'I am java developer ' from player2
Aug 02, 2020 11:52:37 PM comunicationOutput.OutPut write
INFO: initiator sent a message 'I am in Dortmund right now' to player2
Aug 02, 2020 11:52:37 PM comunicationOutput.OutPut write
INFO: initiator received a (counter: 4) message 'I am in Dortmund right now' from player2
Aug 02, 2020 11:52:37 PM comunicationOutput.OutPut write
INFO: initiator sent a message 'I am looking for a job in Germany ' to player2
Aug 02, 2020 11:52:37 PM comunicationOutput.OutPut write
INFO: initiator received a (counter: 5) message 'I am looking for a job in Germany ' from player2
Aug 02, 2020 11:52:37 PM comunicationOutput.OutPut write
INFO: initiator sent a message 'I like to learn new thing' to player2
Aug 02, 2020 11:52:37 PM comunicationOutput.OutPut write
INFO: initiator received a (counter: 6) message 'I like to learn new thing' from player2
Aug 02, 2020 11:52:37 PM comunicationOutput.OutPut write
INFO: initiator sent a message 'this is my test for 360T co' to player2
Aug 02, 2020 11:52:37 PM comunicationOutput.OutPut write
INFO: initiator received a (counter: 7) message 'this is my test for 360T co' from player2
Aug 02, 2020 11:52:37 PM comunicationOutput.OutPut write
INFO: initiator sent a message 'It is no matter if I start as beginner' to player2
Aug 02, 2020 11:52:37 PM comunicationOutput.OutPut write
INFO: initiator received a (counter: 8) message 'It is no matter if I start as beginner' from player2
Aug 02, 2020 11:52:37 PM comunicationOutput.OutPut write
INFO: initiator sent a message 'I have a job seeker visa' to player2
Aug 02, 2020 11:52:37 PM comunicationOutput.OutPut write
INFO: initiator received a (counter: 9) message 'I have a job seeker visa' from player2
Aug 02, 2020 11:52:37 PM comunicationOutput.OutPut write
INFO: initiator sent a message 'bye ' to player2
Aug 02, 2020 11:52:37 PM comunicationOutput.OutPut write
INFO: initiator received a (counter: 10) message 'bye ' from player2
